-- Before running this file User must create database limit_regress
-- databases on MongoDB with all permission for
-- user with password and ran mongodb_init.sh
-- file to load collections.
\set ECHO none
SET datestyle TO ISO;
--Testcase 1:
CREATE EXTENSION IF NOT EXISTS mongo_fdw;
--Testcase 2:
CREATE SERVER mongo_server FOREIGN DATA WRAPPER mongo_fdw
  OPTIONS (address :MONGO_HOST, port :MONGO_PORT);
--Testcase 3:
CREATE USER MAPPING FOR public SERVER mongo_server;
--Testcase 4:
CREATE FOREIGN TABLE onek (
  _id		int4,
  unique1   int4,
  unique2   int4,
  two       int4,
  four      int4,
  ten       int4,
  twenty    int4,
  hundred   int4,
  thousand  int4,
  twothousand int4,
  fivethous int4,
  tenthous  int4,
  odd       int4,
  even      int4,
  stringu1  name,
  stringu2  name,
  string4   name
) SERVER mongo_server OPTIONS (database 'limit_regress', collection 'onek');
--Testcase 5:
CREATE FOREIGN TABLE tenk1 (
  _id		int4,
  unique1   int4,
  unique2   int4,
  two       int4,
  four      int4,
  ten       int4,
  twenty    int4,
  hundred   int4,
  thousand  int4,
  twothousand int4,
  fivethous int4,
  tenthous  int4,
  odd       int4,
  even      int4,
  stringu1  name,
  stringu2  name,
  string4   name
) SERVER mongo_server OPTIONS (database 'limit_regress', collection 'tenk');
-- Check the LIMIT/OFFSET feature of SELECT
--
--Testcase 6:
EXPLAIN VERBOSE SELECT ''::text AS two, unique1, unique2, stringu1
		FROM onek WHERE unique1 > 50
		ORDER BY unique1 LIMIT 2;
                                                                                                                       QUERY PLAN                                                                                                                        
---------------------------------------------------------------------------------------------------------------------------------------------------------------------------------------------------------------------------------------------------------
 Limit  (cost=10.00..10.01 rows=2 width=104)
   Output: ''::text, unique1, unique2, stringu1
   ->  Sort  (cost=10.00..12.50 rows=1000 width=104)
         Output: ''::text, unique1, unique2, stringu1
         Sort Key: onek.unique1
         ->  Foreign Scan on public.onek  (cost=0.00..0.00 rows=1000 width=104)
               Output: ''::text, unique1, unique2, stringu1
               Foreign Namespace: limit_regress.onek
               Query document: { "pipeline" : [ { "$match" : { "unique1" : { "$gt" : { "$numberInt" : "50" } } } }, { "$project" : { "unique1" : { "$numberInt" : "1" }, "unique2" : { "$numberInt" : "1" }, "stringu1" : { "$numberInt" : "1" } } } ] }
(9 rows)

--Testcase 7:
SELECT ''::text AS two, unique1, unique2, stringu1
		FROM onek WHERE unique1 > 50
		ORDER BY unique1 LIMIT 2;
 two | unique1 | unique2 | stringu1 
-----+---------+---------+----------
     |      51 |      76 | ZBAAAA
     |      52 |     985 | ACAAAA
(2 rows)

--Testcase 8:
EXPLAIN VERBOSE SELECT ''::text AS five, unique1, unique2, stringu1
		FROM onek WHERE unique1 > 60
		ORDER BY unique1 LIMIT 5;
                                                                                                                       QUERY PLAN                                                                                                                        
---------------------------------------------------------------------------------------------------------------------------------------------------------------------------------------------------------------------------------------------------------
 Limit  (cost=16.61..16.62 rows=5 width=104)
   Output: ''::text, unique1, unique2, stringu1
   ->  Sort  (cost=16.61..19.11 rows=1000 width=104)
         Output: ''::text, unique1, unique2, stringu1
         Sort Key: onek.unique1
         ->  Foreign Scan on public.onek  (cost=0.00..0.00 rows=1000 width=104)
               Output: ''::text, unique1, unique2, stringu1
               Foreign Namespace: limit_regress.onek
               Query document: { "pipeline" : [ { "$match" : { "unique1" : { "$gt" : { "$numberInt" : "60" } } } }, { "$project" : { "unique1" : { "$numberInt" : "1" }, "unique2" : { "$numberInt" : "1" }, "stringu1" : { "$numberInt" : "1" } } } ] }
(9 rows)

--Testcase 9:
SELECT ''::text AS five, unique1, unique2, stringu1
		FROM onek WHERE unique1 > 60
		ORDER BY unique1 LIMIT 5;
 five | unique1 | unique2 | stringu1 
------+---------+---------+----------
      |      61 |     560 | JCAAAA
      |      62 |     633 | KCAAAA
      |      63 |     296 | LCAAAA
      |      64 |     479 | MCAAAA
      |      65 |      64 | NCAAAA
(5 rows)

--Testcase 10:
EXPLAIN VERBOSE SELECT ''::text AS two, unique1, unique2, stringu1
		FROM onek WHERE unique1 > 60 AND unique1 < 63
		ORDER BY unique1 LIMIT 5;
                                                                                                                                                          QUERY PLAN                                                                                                                                                           
-------------------------------------------------------------------------------------------------------------------------------------------------------------------------------------------------------------------------------------------------------------------------------------------------------------------------------
 Limit  (cost=16.61..16.62 rows=5 width=104)
   Output: ''::text, unique1, unique2, stringu1
   ->  Sort  (cost=16.61..19.11 rows=1000 width=104)
         Output: ''::text, unique1, unique2, stringu1
         Sort Key: onek.unique1
         ->  Foreign Scan on public.onek  (cost=0.00..0.00 rows=1000 width=104)
               Output: ''::text, unique1, unique2, stringu1
               Foreign Namespace: limit_regress.onek
               Query document: { "pipeline" : [ { "$match" : { "$and" : [ { "unique1" : { "$gt" : { "$numberInt" : "60" } } }, { "unique1" : { "$lt" : { "$numberInt" : "63" } } } ] } }, { "$project" : { "unique1" : { "$numberInt" : "1" }, "unique2" : { "$numberInt" : "1" }, "stringu1" : { "$numberInt" : "1" } } } ] }
(9 rows)

--Testcase 11:
SELECT ''::text AS two, unique1, unique2, stringu1
		FROM onek WHERE unique1 > 60 AND unique1 < 63
		ORDER BY unique1 LIMIT 5;
 two | unique1 | unique2 | stringu1 
-----+---------+---------+----------
     |      61 |     560 | JCAAAA
     |      62 |     633 | KCAAAA
(2 rows)

--Testcase 12:
EXPLAIN VERBOSE SELECT ''::text AS three, unique1, unique2, stringu1
		FROM onek WHERE unique1 > 100
		ORDER BY unique1 LIMIT 3 OFFSET 20;
                                                                                                                        QUERY PLAN                                                                                                                        
----------------------------------------------------------------------------------------------------------------------------------------------------------------------------------------------------------------------------------------------------------
 Limit  (cost=27.67..27.68 rows=3 width=104)
   Output: ''::text, unique1, unique2, stringu1
   ->  Sort  (cost=27.62..30.12 rows=1000 width=104)
         Output: ''::text, unique1, unique2, stringu1
         Sort Key: onek.unique1
         ->  Foreign Scan on public.onek  (cost=0.00..0.00 rows=1000 width=104)
               Output: ''::text, unique1, unique2, stringu1
               Foreign Namespace: limit_regress.onek
               Query document: { "pipeline" : [ { "$match" : { "unique1" : { "$gt" : { "$numberInt" : "100" } } } }, { "$project" : { "unique1" : { "$numberInt" : "1" }, "unique2" : { "$numberInt" : "1" }, "stringu1" : { "$numberInt" : "1" } } } ] }
(9 rows)

--Testcase 13:
SELECT ''::text AS three, unique1, unique2, stringu1
		FROM onek WHERE unique1 > 100
		ORDER BY unique1 LIMIT 3 OFFSET 20;
 three | unique1 | unique2 | stringu1 
-------+---------+---------+----------
       |     121 |     700 | REAAAA
       |     122 |     519 | SEAAAA
       |     123 |     777 | TEAAAA
(3 rows)

--Testcase 14:
EXPLAIN VERBOSE SELECT ''::text AS zero, unique1, unique2, stringu1
		FROM onek WHERE unique1 < 50
		ORDER BY unique1 DESC LIMIT 8 OFFSET 99;
                                                                                                                       QUERY PLAN                                                                                                                        
---------------------------------------------------------------------------------------------------------------------------------------------------------------------------------------------------------------------------------------------------------
 Limit  (cost=38.95..38.97 rows=8 width=104)
   Output: ''::text, unique1, unique2, stringu1
   ->  Sort  (cost=38.71..41.21 rows=1000 width=104)
         Output: ''::text, unique1, unique2, stringu1
         Sort Key: onek.unique1 DESC
         ->  Foreign Scan on public.onek  (cost=0.00..0.00 rows=1000 width=104)
               Output: ''::text, unique1, unique2, stringu1
               Foreign Namespace: limit_regress.onek
               Query document: { "pipeline" : [ { "$match" : { "unique1" : { "$lt" : { "$numberInt" : "50" } } } }, { "$project" : { "unique1" : { "$numberInt" : "1" }, "unique2" : { "$numberInt" : "1" }, "stringu1" : { "$numberInt" : "1" } } } ] }
(9 rows)

--Testcase 15:
SELECT ''::text AS zero, unique1, unique2, stringu1
		FROM onek WHERE unique1 < 50
		ORDER BY unique1 DESC LIMIT 8 OFFSET 99;
 zero | unique1 | unique2 | stringu1 
------+---------+---------+----------
(0 rows)

--Testcase 16:
EXPLAIN VERBOSE SELECT ''::text AS eleven, unique1, unique2, stringu1
		FROM onek WHERE unique1 < 50
		ORDER BY unique1 DESC LIMIT 20 OFFSET 39;
                                                                                                                       QUERY PLAN                                                                                                                        
---------------------------------------------------------------------------------------------------------------------------------------------------------------------------------------------------------------------------------------------------------
 Limit  (cost=34.51..34.56 rows=20 width=104)
   Output: ''::text, unique1, unique2, stringu1
   ->  Sort  (cost=34.41..36.91 rows=1000 width=104)
         Output: ''::text, unique1, unique2, stringu1
         Sort Key: onek.unique1 DESC
         ->  Foreign Scan on public.onek  (cost=0.00..0.00 rows=1000 width=104)
               Output: ''::text, unique1, unique2, stringu1
               Foreign Namespace: limit_regress.onek
               Query document: { "pipeline" : [ { "$match" : { "unique1" : { "$lt" : { "$numberInt" : "50" } } } }, { "$project" : { "unique1" : { "$numberInt" : "1" }, "unique2" : { "$numberInt" : "1" }, "stringu1" : { "$numberInt" : "1" } } } ] }
(9 rows)

--Testcase 17:
SELECT ''::text AS eleven, unique1, unique2, stringu1
		FROM onek WHERE unique1 < 50
		ORDER BY unique1 DESC LIMIT 20 OFFSET 39;
 eleven | unique1 | unique2 | stringu1 
--------+---------+---------+----------
        |      10 |     520 | KAAAAA
        |       9 |      49 | JAAAAA
        |       8 |     653 | IAAAAA
        |       7 |     647 | HAAAAA
        |       6 |     978 | GAAAAA
        |       5 |     541 | FAAAAA
        |       4 |     833 | EAAAAA
        |       3 |     431 | DAAAAA
        |       2 |     326 | CAAAAA
        |       1 |     214 | BAAAAA
        |       0 |     998 | AAAAAA
(11 rows)

--Testcase 18:
EXPLAIN VERBOSE SELECT ''::text AS ten, unique1, unique2, stringu1
		FROM onek
		ORDER BY unique1 OFFSET 990;
                                                                                     QUERY PLAN                                                                                      
-------------------------------------------------------------------------------------------------------------------------------------------------------------------------------------
 Limit  (cost=52.30..52.33 rows=10 width=104)
   Output: ''::text, unique1, unique2, stringu1
   ->  Sort  (cost=49.83..52.33 rows=1000 width=104)
         Output: ''::text, unique1, unique2, stringu1
         Sort Key: onek.unique1
         ->  Foreign Scan on public.onek  (cost=0.00..0.00 rows=1000 width=104)
               Output: ''::text, unique1, unique2, stringu1
               Foreign Namespace: limit_regress.onek
               Query document: { "pipeline" : [ { "$project" : { "unique1" : { "$numberInt" : "1" }, "unique2" : { "$numberInt" : "1" }, "stringu1" : { "$numberInt" : "1" } } } ] }
(9 rows)

--Testcase 19:
SELECT ''::text AS ten, unique1, unique2, stringu1
		FROM onek
		ORDER BY unique1 OFFSET 990;
 ten | unique1 | unique2 | stringu1 
-----+---------+---------+----------
     |     990 |     369 | CMAAAA
     |     991 |     426 | DMAAAA
     |     992 |     363 | EMAAAA
     |     993 |     661 | FMAAAA
     |     994 |     695 | GMAAAA
     |     995 |     144 | HMAAAA
     |     996 |     258 | IMAAAA
     |     997 |      21 | JMAAAA
     |     998 |     549 | KMAAAA
     |     999 |     152 | LMAAAA
(10 rows)

--Testcase 20:
EXPLAIN VERBOSE SELECT ''::text AS five, unique1, unique2, stringu1
		FROM onek
		ORDER BY unique1 OFFSET 990 LIMIT 5;
                                                                                     QUERY PLAN                                                                                      
-------------------------------------------------------------------------------------------------------------------------------------------------------------------------------------
 Limit  (cost=52.30..52.32 rows=5 width=104)
   Output: ''::text, unique1, unique2, stringu1
   ->  Sort  (cost=49.83..52.33 rows=1000 width=104)
         Output: ''::text, unique1, unique2, stringu1
         Sort Key: onek.unique1
         ->  Foreign Scan on public.onek  (cost=0.00..0.00 rows=1000 width=104)
               Output: ''::text, unique1, unique2, stringu1
               Foreign Namespace: limit_regress.onek
               Query document: { "pipeline" : [ { "$project" : { "unique1" : { "$numberInt" : "1" }, "unique2" : { "$numberInt" : "1" }, "stringu1" : { "$numberInt" : "1" } } } ] }
(9 rows)

--Testcase 21:
SELECT ''::text AS five, unique1, unique2, stringu1
		FROM onek
		ORDER BY unique1 OFFSET 990 LIMIT 5;
 five | unique1 | unique2 | stringu1 
------+---------+---------+----------
      |     990 |     369 | CMAAAA
      |     991 |     426 | DMAAAA
      |     992 |     363 | EMAAAA
      |     993 |     661 | FMAAAA
      |     994 |     695 | GMAAAA
(5 rows)

--Testcase 22:
EXPLAIN VERBOSE SELECT ''::text AS five, unique1, unique2, stringu1
		FROM onek
		ORDER BY unique1 LIMIT 5 OFFSET 900;
                                                                                     QUERY PLAN                                                                                      
-------------------------------------------------------------------------------------------------------------------------------------------------------------------------------------
 Limit  (cost=52.08..52.09 rows=5 width=104)
   Output: ''::text, unique1, unique2, stringu1
   ->  Sort  (cost=49.83..52.33 rows=1000 width=104)
         Output: ''::text, unique1, unique2, stringu1
         Sort Key: onek.unique1
         ->  Foreign Scan on public.onek  (cost=0.00..0.00 rows=1000 width=104)
               Output: ''::text, unique1, unique2, stringu1
               Foreign Namespace: limit_regress.onek
               Query document: { "pipeline" : [ { "$project" : { "unique1" : { "$numberInt" : "1" }, "unique2" : { "$numberInt" : "1" }, "stringu1" : { "$numberInt" : "1" } } } ] }
(9 rows)

--Testcase 23:
SELECT ''::text AS five, unique1, unique2, stringu1
		FROM onek
		ORDER BY unique1 LIMIT 5 OFFSET 900;
 five | unique1 | unique2 | stringu1 
------+---------+---------+----------
      |     900 |     913 | QIAAAA
      |     901 |     931 | RIAAAA
      |     902 |     702 | SIAAAA
      |     903 |     641 | TIAAAA
      |     904 |     793 | UIAAAA
(5 rows)

--Testcase 24:
CREATE FOREIGN TABLE INT8_TBL (
  _id		int4,
  q1        int8,
  q2        int8
) SERVER mongo_server OPTIONS (database 'limit_regress', collection 'int8_tbl');
-- Test null limit and offset.  The planner would discard a simple null
-- constant, so to ensure executor is exercised, do this:
--Testcase 25:
EXPLAIN VERBOSE select * from int8_tbl limit (case when random() < 0.5 then null::bigint end);
                                                                           QUERY PLAN                                                                           
----------------------------------------------------------------------------------------------------------------------------------------------------------------
 Limit  (cost=0.00..0.00 rows=100 width=20)
   Output: _id, q1, q2
   ->  Foreign Scan on public.int8_tbl  (cost=0.00..0.00 rows=1000 width=20)
         Output: _id, q1, q2
         Foreign Namespace: limit_regress.int8_tbl
         Query document: { "pipeline" : [ { "$project" : { "_id" : { "$numberInt" : "1" }, "q1" : { "$numberInt" : "1" }, "q2" : { "$numberInt" : "1" } } } ] }
(6 rows)

--Testcase 26:
select * from int8_tbl limit (case when random() < 0.5 then null::bigint end);
 _id |        q1        |        q2         
-----+------------------+-------------------
   1 |              123 |               456
   2 |              123 |  4567890123456789
   3 | 4567890123456789 |               123
   4 | 4567890123456789 |  4567890123456789
   5 | 4567890123456789 | -4567890123456789
(5 rows)

--Testcase 27:
EXPLAIN VERBOSE select * from int8_tbl offset (case when random() < 0.5 then null::bigint end);
                                                                           QUERY PLAN                                                                           
----------------------------------------------------------------------------------------------------------------------------------------------------------------
 Limit  (cost=0.00..0.00 rows=900 width=20)
   Output: _id, q1, q2
   ->  Foreign Scan on public.int8_tbl  (cost=0.00..0.00 rows=1000 width=20)
         Output: _id, q1, q2
         Foreign Namespace: limit_regress.int8_tbl
         Query document: { "pipeline" : [ { "$project" : { "_id" : { "$numberInt" : "1" }, "q1" : { "$numberInt" : "1" }, "q2" : { "$numberInt" : "1" } } } ] }
(6 rows)

--Testcase 28:
select * from int8_tbl offset (case when random() < 0.5 then null::bigint end);
 _id |        q1        |        q2         
-----+------------------+-------------------
   1 |              123 |               456
   2 |              123 |  4567890123456789
   3 | 4567890123456789 |               123
   4 | 4567890123456789 |  4567890123456789
   5 | 4567890123456789 | -4567890123456789
(5 rows)

--
-- Test behavior of volatile and set-returning functions in conjunction
-- with ORDER BY and LIMIT.
--
--Testcase 29:
create temp sequence testseq;
--Testcase 30:
explain (verbose, costs off)
select unique1, unique2, nextval('testseq')
  from tenk1 order by unique2 limit 10;
                                                                      QUERY PLAN                                                                      
------------------------------------------------------------------------------------------------------------------------------------------------------
 Limit
   Output: unique1, unique2, (nextval('testseq'::regclass))
   ->  Result
         Output: unique1, unique2, nextval('testseq'::regclass)
         ->  Sort
               Output: unique1, unique2
               Sort Key: tenk1.unique2
               ->  Foreign Scan on public.tenk1
                     Output: unique1, unique2
                     Foreign Namespace: limit_regress.tenk
                     Query document: { "pipeline" : [ { "$project" : { "unique1" : { "$numberInt" : "1" }, "unique2" : { "$numberInt" : "1" } } } ] }
(11 rows)

--Testcase 31:
select unique1, unique2, nextval('testseq')
  from tenk1 order by unique2 limit 10;
 unique1 | unique2 | nextval 
---------+---------+---------
    8800 |       0 |       1
    1891 |       1 |       2
    3420 |       2 |       3
    9850 |       3 |       4
    7164 |       4 |       5
    8009 |       5 |       6
    5057 |       6 |       7
    6701 |       7 |       8
    4321 |       8 |       9
    3043 |       9 |      10
(10 rows)

--Testcase 32:
select currval('testseq');
 currval 
---------
      10
(1 row)

--Testcase 33:
explain (verbose, costs off)
select unique1, unique2, nextval('testseq')
  from tenk1 order by tenthous limit 10;
                                                                                        QUERY PLAN                                                                                         
-------------------------------------------------------------------------------------------------------------------------------------------------------------------------------------------
 Limit
   Output: unique1, unique2, (nextval('testseq'::regclass)), tenthous
   ->  Result
         Output: unique1, unique2, nextval('testseq'::regclass), tenthous
         ->  Sort
               Output: unique1, unique2, tenthous
               Sort Key: tenk1.tenthous
               ->  Foreign Scan on public.tenk1
                     Output: unique1, unique2, tenthous
                     Foreign Namespace: limit_regress.tenk
                     Query document: { "pipeline" : [ { "$project" : { "unique1" : { "$numberInt" : "1" }, "unique2" : { "$numberInt" : "1" }, "tenthous" : { "$numberInt" : "1" } } } ] }
(11 rows)

--Testcase 34:
select unique1, unique2, nextval('testseq')
  from tenk1 order by tenthous limit 10;
 unique1 | unique2 | nextval 
---------+---------+---------
       0 |    9998 |      11
       1 |    2838 |      12
       2 |    2716 |      13
       3 |    5679 |      14
       4 |    1621 |      15
       5 |    5557 |      16
       6 |    2855 |      17
       7 |    8518 |      18
       8 |    5435 |      19
       9 |    4463 |      20
(10 rows)

--Testcase 35:
select currval('testseq');
 currval 
---------
      20
(1 row)

--Testcase 36:
explain (verbose, costs off)
select unique1, unique2, generate_series(1,10)
  from tenk1 order by unique2 limit 7;
                                                                      QUERY PLAN                                                                      
------------------------------------------------------------------------------------------------------------------------------------------------------
 Limit
   Output: unique1, unique2, (generate_series(1, 10))
   ->  ProjectSet
         Output: unique1, unique2, generate_series(1, 10)
         ->  Sort
               Output: unique1, unique2
               Sort Key: tenk1.unique2
               ->  Foreign Scan on public.tenk1
                     Output: unique1, unique2
                     Foreign Namespace: limit_regress.tenk
                     Query document: { "pipeline" : [ { "$project" : { "unique1" : { "$numberInt" : "1" }, "unique2" : { "$numberInt" : "1" } } } ] }
(11 rows)

--Testcase 37:
select unique1, unique2, generate_series(1,10)
  from tenk1 order by unique2 limit 7;
 unique1 | unique2 | generate_series 
---------+---------+-----------------
    8800 |       0 |               1
    8800 |       0 |               2
    8800 |       0 |               3
    8800 |       0 |               4
    8800 |       0 |               5
    8800 |       0 |               6
    8800 |       0 |               7
(7 rows)

--Testcase 38:
explain (verbose, costs off)
select unique1, unique2, generate_series(1,10)
  from tenk1 order by tenthous limit 7;
                                                                                        QUERY PLAN                                                                                         
-------------------------------------------------------------------------------------------------------------------------------------------------------------------------------------------
 Limit
   Output: unique1, unique2, (generate_series(1, 10)), tenthous
   ->  ProjectSet
         Output: unique1, unique2, generate_series(1, 10), tenthous
         ->  Sort
               Output: unique1, unique2, tenthous
               Sort Key: tenk1.tenthous
               ->  Foreign Scan on public.tenk1
                     Output: unique1, unique2, tenthous
                     Foreign Namespace: limit_regress.tenk
                     Query document: { "pipeline" : [ { "$project" : { "unique1" : { "$numberInt" : "1" }, "unique2" : { "$numberInt" : "1" }, "tenthous" : { "$numberInt" : "1" } } } ] }
(11 rows)

--Testcase 39:
select unique1, unique2, generate_series(1,10)
  from tenk1 order by tenthous limit 7;
 unique1 | unique2 | generate_series 
---------+---------+-----------------
       0 |    9998 |               1
       0 |    9998 |               2
       0 |    9998 |               3
       0 |    9998 |               4
       0 |    9998 |               5
       0 |    9998 |               6
       0 |    9998 |               7
(7 rows)

-- test for failure to set all aggregates' aggtranstype
--Testcase 40:
explain (verbose, costs off)
select sum(tenthous) as s1, sum(tenthous) + random()*0 as s2
  from tenk1 group by thousand order by thousand limit 3;
                                                                                                         QUERY PLAN                                                                                                          
-----------------------------------------------------------------------------------------------------------------------------------------------------------------------------------------------------------------------------
 Limit
   Output: (sum(tenthous)), ((((sum(tenthous)))::double precision + (random() * '0'::double precision))), thousand
   ->  Result
         Output: (sum(tenthous)), (((sum(tenthous)))::double precision + (random() * '0'::double precision)), thousand
         ->  Sort
               Output: (sum(tenthous)), thousand
               Sort Key: tenk1.thousand
               ->  Foreign Scan
                     Output: (sum(tenthous)), thousand
                     Foreign Namespace: limit_regress.tenk
                     Query document: { "pipeline" : [ { "$group" : { "_id" : { "ref1" : "$thousand" }, "ref0" : { "$sum" : "$tenthous" } } }, { "$project" : { "ref1" : "$_id.ref1", "ref0" : { "$numberInt" : "1" } } } ] }
(11 rows)

--Testcase 41:
select sum(tenthous) as s1, sum(tenthous) + random()*0 as s2
  from tenk1 group by thousand order by thousand limit 3;
  s1   |  s2   
-------+-------
 45000 | 45000
 45010 | 45010
 45020 | 45020
(3 rows)

--
-- FETCH FIRST
-- Check the WITH TIES clause
--
--Testcase 42:
EXPLAIN VERBOSE SELECT  thousand
		FROM onek WHERE thousand < 5
		ORDER BY thousand FETCH FIRST 2 ROW WITH TIES;
                                                                                   QUERY PLAN                                                                                    
---------------------------------------------------------------------------------------------------------------------------------------------------------------------------------
 Limit  (cost=10.00..10.01 rows=2 width=4)
   Output: thousand
   ->  Sort  (cost=10.00..12.50 rows=1000 width=4)
         Output: thousand
         Sort Key: onek.thousand
         ->  Foreign Scan on public.onek  (cost=0.00..0.00 rows=1000 width=4)
               Output: thousand
               Foreign Namespace: limit_regress.onek
               Query document: { "pipeline" : [ { "$match" : { "thousand" : { "$lt" : { "$numberInt" : "5" } } } }, { "$project" : { "thousand" : { "$numberInt" : "1" } } } ] }
(9 rows)

--Testcase 43:
SELECT  thousand
		FROM onek WHERE thousand < 5
		ORDER BY thousand FETCH FIRST 2 ROW WITH TIES;
 thousand 
----------
        0
        0
        0
        0
        0
        0
        0
        0
        0
        0
(10 rows)

--Testcase 44:
EXPLAIN VERBOSE SELECT  thousand
		FROM onek WHERE thousand < 5
		ORDER BY thousand FETCH FIRST ROWS WITH TIES;
                                                                                   QUERY PLAN                                                                                    
---------------------------------------------------------------------------------------------------------------------------------------------------------------------------------
 Limit  (cost=5.00..5.00 rows=1 width=4)
   Output: thousand
   ->  Sort  (cost=5.00..7.50 rows=1000 width=4)
         Output: thousand
         Sort Key: onek.thousand
         ->  Foreign Scan on public.onek  (cost=0.00..0.00 rows=1000 width=4)
               Output: thousand
               Foreign Namespace: limit_regress.onek
               Query document: { "pipeline" : [ { "$match" : { "thousand" : { "$lt" : { "$numberInt" : "5" } } } }, { "$project" : { "thousand" : { "$numberInt" : "1" } } } ] }
(9 rows)

--Testcase 45:
SELECT  thousand
		FROM onek WHERE thousand < 5
		ORDER BY thousand FETCH FIRST ROWS WITH TIES;
 thousand 
----------
        0
        0
        0
        0
        0
        0
        0
        0
        0
        0
(10 rows)

--Testcase 46:
EXPLAIN VERBOSE SELECT  thousand
		FROM onek WHERE thousand < 5
		ORDER BY thousand FETCH FIRST 1 ROW WITH TIES;
                                                                                   QUERY PLAN                                                                                    
---------------------------------------------------------------------------------------------------------------------------------------------------------------------------------
 Limit  (cost=5.00..5.00 rows=1 width=4)
   Output: thousand
   ->  Sort  (cost=5.00..7.50 rows=1000 width=4)
         Output: thousand
         Sort Key: onek.thousand
         ->  Foreign Scan on public.onek  (cost=0.00..0.00 rows=1000 width=4)
               Output: thousand
               Foreign Namespace: limit_regress.onek
               Query document: { "pipeline" : [ { "$match" : { "thousand" : { "$lt" : { "$numberInt" : "5" } } } }, { "$project" : { "thousand" : { "$numberInt" : "1" } } } ] }
(9 rows)

--Testcase 47:
SELECT  thousand
		FROM onek WHERE thousand < 5
		ORDER BY thousand FETCH FIRST 1 ROW WITH TIES;
 thousand 
----------
        0
        0
        0
        0
        0
        0
        0
        0
        0
        0
(10 rows)

--Testcase 48:
EXPLAIN VERBOSE SELECT  thousand
		FROM onek WHERE thousand < 5
		ORDER BY thousand FETCH FIRST 2 ROW ONLY;
                                                                                   QUERY PLAN                                                                                    
---------------------------------------------------------------------------------------------------------------------------------------------------------------------------------
 Limit  (cost=10.00..10.01 rows=2 width=4)
   Output: thousand
   ->  Sort  (cost=10.00..12.50 rows=1000 width=4)
         Output: thousand
         Sort Key: onek.thousand
         ->  Foreign Scan on public.onek  (cost=0.00..0.00 rows=1000 width=4)
               Output: thousand
               Foreign Namespace: limit_regress.onek
               Query document: { "pipeline" : [ { "$match" : { "thousand" : { "$lt" : { "$numberInt" : "5" } } } }, { "$project" : { "thousand" : { "$numberInt" : "1" } } } ] }
(9 rows)

--Testcase 49:
SELECT  thousand
		FROM onek WHERE thousand < 5
		ORDER BY thousand FETCH FIRST 2 ROW ONLY;
 thousand 
----------
        0
        0
(2 rows)

-- SKIP LOCKED and WITH TIES are incompatible
--Testcase 63:
EXPLAIN VERBOSE SELECT  thousand
		FROM onek WHERE thousand < 5
		ORDER BY thousand FETCH FIRST 1 ROW WITH TIES FOR UPDATE SKIP LOCKED;
ERROR:  SKIP LOCKED and WITH TIES options cannot be used together
--Testcase 64:
SELECT  thousand
		FROM onek WHERE thousand < 5
		ORDER BY thousand FETCH FIRST 1 ROW WITH TIES FOR UPDATE SKIP LOCKED;
ERROR:  SKIP LOCKED and WITH TIES options cannot be used together
-- should fail
--Testcase 50:
EXPLAIN VERBOSE SELECT ''::text AS two, unique1, unique2, stringu1
		FROM onek WHERE unique1 > 50
		FETCH FIRST 2 ROW WITH TIES;
ERROR:  WITH TIES cannot be specified without ORDER BY clause
--Testcase 51:
SELECT ''::text AS two, unique1, unique2, stringu1
		FROM onek WHERE unique1 > 50
		FETCH FIRST 2 ROW WITH TIES;
ERROR:  WITH TIES cannot be specified without ORDER BY clause
-- test ruleutils
--Testcase 52:
CREATE VIEW limit_thousand_v_1 AS SELECT thousand FROM onek WHERE thousand < 995
		ORDER BY thousand FETCH FIRST 5 ROWS WITH TIES OFFSET 10;
--Testcase 53:
\d+ limit_thousand_v_1
                      View "public.limit_thousand_v_1"
  Column  |  Type   | Collation | Nullable | Default | Storage | Description 
----------+---------+-----------+----------+---------+---------+-------------
 thousand | integer |           |          |         | plain   | 
View definition:
 SELECT onek.thousand
   FROM onek
  WHERE onek.thousand < 995
  ORDER BY onek.thousand
 OFFSET 10
 FETCH FIRST 5 ROWS WITH TIES;

--Testcase 54:
CREATE VIEW limit_thousand_v_2 AS SELECT thousand FROM onek WHERE thousand < 995
		ORDER BY thousand OFFSET 10 FETCH FIRST 5 ROWS ONLY;
--Testcase 55:
\d+ limit_thousand_v_2
                      View "public.limit_thousand_v_2"
  Column  |  Type   | Collation | Nullable | Default | Storage | Description 
----------+---------+-----------+----------+---------+---------+-------------
 thousand | integer |           |          |         | plain   | 
View definition:
 SELECT onek.thousand
   FROM onek
  WHERE onek.thousand < 995
  ORDER BY onek.thousand
 OFFSET 10
 LIMIT 5;

--Testcase 56:
CREATE VIEW limit_thousand_v_3 AS SELECT thousand FROM onek WHERE thousand < 995
		ORDER BY thousand FETCH FIRST NULL ROWS WITH TIES;		-- fails
ERROR:  row count cannot be null in FETCH FIRST ... WITH TIES clause
--Testcase 57:
CREATE VIEW limit_thousand_v_3 AS SELECT thousand FROM onek WHERE thousand < 995
		ORDER BY thousand FETCH FIRST (NULL+1) ROWS WITH TIES;
--Testcase 58:
\d+ limit_thousand_v_3
                      View "public.limit_thousand_v_3"
  Column  |  Type   | Collation | Nullable | Default | Storage | Description 
----------+---------+-----------+----------+---------+---------+-------------
 thousand | integer |           |          |         | plain   | 
View definition:
 SELECT onek.thousand
   FROM onek
  WHERE onek.thousand < 995
  ORDER BY onek.thousand
 FETCH FIRST (NULL::integer + 1) ROWS WITH TIES;

--Testcase 59:
CREATE VIEW limit_thousand_v_4 AS SELECT thousand FROM onek WHERE thousand < 995
		ORDER BY thousand FETCH FIRST NULL ROWS ONLY;
--Testcase 60:
\d+ limit_thousand_v_4
                      View "public.limit_thousand_v_4"
  Column  |  Type   | Collation | Nullable | Default | Storage | Description 
----------+---------+-----------+----------+---------+---------+-------------
 thousand | integer |           |          |         | plain   | 
View definition:
 SELECT onek.thousand
   FROM onek
  WHERE onek.thousand < 995
  ORDER BY onek.thousand
 LIMIT ALL;

--Testcase 61:
DROP USER MAPPING FOR public SERVER mongo_server;
--Testcase 62:
DROP EXTENSION mongo_fdw CASCADE;
NOTICE:  drop cascades to 8 other objects
DETAIL:  drop cascades to server mongo_server
drop cascades to foreign table onek
drop cascades to view limit_thousand_v_1
drop cascades to view limit_thousand_v_2
drop cascades to view limit_thousand_v_3
drop cascades to view limit_thousand_v_4
drop cascades to foreign table tenk1
drop cascades to foreign table int8_tbl
